[2024-05-15 21:02:07] [ WARN ] [BaseDatos:60] Column count does not match; SQL statement:
INSERT INTO pacientes (nombre, apellido, cedula, fecha_ingreso, domicilio_id)VALUES (('Gloria', 'Lopez', '123454', '2024-01-01', 1),('Samantha', 'Sanchez', '54545', '2024-01-01', 1)); [21002-224]
[2024-05-15 21:02:07] [ INFO ] [BaseDatos:44] Iniciando busqueda de un paciente
[2024-05-15 21:04:04] [ WARN ] [BaseDatos:61] Syntax error in SQL statement "INSERT INTO domicilio (calle, numero, localidad, provincia)VALUES('Aragon', 541, 'New Jersey', 'New Jersey')[*]('Ohlas', 589, 'Pasadena', 'California');"; SQL statement:
INSERT INTO domicilio (calle, numero, localidad, provincia)VALUES('Aragon', 541, 'New Jersey', 'New Jersey')('Ohlas', 589, 'Pasadena', 'California'); [42000-224]
[2024-05-15 21:04:04] [ INFO ] [BaseDatos:44] Iniciando busqueda de un paciente
[2024-05-15 21:17:50] [ INFO ] [BaseDatos:58] Tabla creada con exito, con datos de pruebas insertados
[2024-05-15 21:17:50] [ INFO ] [BaseDatos:44] Iniciando busqueda de un paciente
[2024-05-15 21:17:50] [ INFO ] [BaseDatos:40] Iniciando busqueda de un domicilio
[2024-05-15 21:54:28] [ INFO ] [BaseDatos:22] Odontologo Map se ha agregado
[2024-05-15 21:55:05] [ INFO ] [BaseDatos:22] Odontologo Map se ha agregado
[2024-05-15 22:04:26] [ INFO ] [BaseDatos:22] Odontologo Map se ha agregado
[2024-05-15 22:04:26] [ INFO ] [BaseDatos:22] Odontologo Map se ha agregado
[2024-05-15 22:20:02] [ INFO ] [BaseDatos:71] Tablas creadas con exito, con datos de pruebas insertados
[2024-05-15 22:20:02] [ INFO ] [OdontologoDaoH2:51] Iniciando busqueda de un odontologo
[2024-05-15 22:23:06] [ INFO ] [BaseDatos:71] Tablas creadas con exito, con datos de pruebas insertados
[2024-05-15 22:23:06] [ INFO ] [OdontologoDaoH2:51] Iniciando busqueda de un odontologo
[2024-05-15 22:23:06] [ INFO ] [OdontologoDaoH2:70] Paso buscarPorID
[2024-05-15 22:24:52] [ INFO ] [BaseDatos:71] Tablas creadas con exito, con datos de pruebas insertados
[2024-05-15 22:24:52] [ INFO ] [OdontologoDaoH2:51] Iniciando busqueda de un odontologo
[2024-05-15 22:24:52] [ INFO ] [OdontologoDaoH2:70] Paso buscarPorID
[2024-05-15 22:28:00] [ INFO ] [BaseDatos:70] Tablas creadas con exito, con datos de pruebas insertados
[2024-05-15 22:28:00] [ INFO ] [OdontologoDaoH2:51] Iniciando busqueda de un odontologo
[2024-05-15 22:28:00] [ INFO ] [OdontologoDaoH2:70] Paso buscarPorID
[2024-05-15 22:33:21] [ INFO ] [BaseDatos:73] Tablas creadas con exito, con datos de pruebas insertados
[2024-05-15 22:33:21] [ INFO ] [OdontologoDaoH2:90] Iniciar operación listar Odontologo
[2024-05-15 22:33:41] [ INFO ] [BaseDatos:73] Tablas creadas con exito, con datos de pruebas insertados
[2024-05-15 22:33:41] [ INFO ] [OdontologoDaoH2:51] Iniciando busqueda de un odontologo
[2024-05-15 22:33:41] [ INFO ] [OdontologoDaoH2:70] Paso buscarPorID
[2024-05-15 22:33:56] [ INFO ] [BaseDatos:22] Odontologo Map se ha agregado
[2024-05-15 22:33:56] [ INFO ] [BaseDatos:22] Odontologo Map se ha agregado
[2024-05-15 22:34:49] [ INFO ] [BaseDatos:73] Tablas creadas con exito, con datos de pruebas insertados
[2024-05-15 22:34:49] [ INFO ] [PacienteDaoH2:44] Iniciando busqueda de un paciente
[2024-05-15 22:34:49] [ INFO ] [DomicilioDaoH2:40] Iniciando busqueda de un domicilio
